2026-05-13 10:25:29,504 - INFO - Loaded: sales_feb.xlsx
2026-05-13 10:25:29,782 - INFO - Loaded: sales_jan.xlsx
2026-05-13 10:25:29,903 - INFO - Loaded: sales_mar.xlsx
2026-05-13 10:25:29,991 - INFO - Data cleaning completed.
2026-05-13 10:25:29,991 - INFO - Data sorting completed.
2026-05-13 10:25:29,991 - INFO - Performing calculations...
2026-05-13 10:25:30,012 - INFO - Total Revenue           : 2,207,643.55
2026-05-13 10:25:30,012 - INFO - Total Units Sold        : 11,057
2026-05-13 10:25:30,013 - INFO - Total Transactions      : 2,000
2026-05-13 10:25:30,013 - INFO - Average Order Value     : 1103.82

2026-05-13 10:25:30,015 - INFO - Top 5 Best Selling Products :
Product
Monitor    347,995.64
Phone      326,211.21
Printer    325,584.95
Chair      319,442.15
Tablet     308,449.27
Name: TotalPrice, dtype: object

2026-05-13 10:25:30,015 - INFO - Bottom 3 Selling Products   :
Product
Unknown      1,418.52
Laptop     283,192.67
Desk       295,349.14
Name: TotalPrice, dtype: object

2026-05-13 10:25:30,030 - INFO - Sales by Location :
              Revenue  Units_Sold
Location                         
Store A   522,302.16        2630
Store B   538,392.13        2719
Store C   595,009.04        3007
Store D   551,940.22        2701

2026-05-13 10:25:30,031 - INFO - Sales by Time of Day    :
TimeOfDay
Evening      856,664.52
Afternoon    794,418.64
Morning      556,560.39
Name: TotalPrice, dtype: object

2026-05-13 10:25:30,033 - INFO - Sales by Payment Type   :
PaymentType
Debit Card     498,721.24
Credit Card    474,156.66
Online         435,782.08
Cash           416,599.23
Gift Card      382,384.34
Name: TotalPrice, dtype: object

2026-05-13 10:25:30,033 - INFO - Top Store Manager       : Noah (608,430.74)

2026-05-13 10:25:30,033 - INFO - Generating multi-chart dashboard...
2026-05-13 10:25:31,671 - INFO - Dashboard saved to output\sales_dashboard.png
2026-05-13 10:25:32,535 - INFO - File saved to output/merged_sales.xlsx
2026-05-13 10:25:32,539 - INFO - Successfully added sheet: Executive Summary
2026-05-13 10:25:32,539 - INFO - Successfully added sheet: Sales by Location
2026-05-13 10:25:32,539 - INFO - Successfully added sheet: Top Products
2026-05-13 10:25:32,539 - INFO - Successfully added sheet: Bottom Products
2026-05-13 10:25:32,539 - INFO - Successfully added sheet: Time of Day
2026-05-13 10:25:32,539 - INFO - Successfully added sheet: Payment Types
2026-05-13 10:25:32,602 - INFO - DONE: All metrics saved to output/sales_analysis_report.xlsx
2026-05-13 10:25:32,619 - INFO - Successfully attached: sales_dashboard.png
2026-05-13 10:25:32,625 - INFO - Successfully attached: sales_analysis_report.xlsx
2026-05-13 11:10:00,478 - INFO - Loaded: sales_feb.xlsx
2026-05-13 11:10:00,603 - INFO - Loaded: sales_jan.xlsx
2026-05-13 11:10:00,765 - INFO - Loaded: sales_mar.xlsx
2026-05-13 11:10:00,838 - INFO - Data cleaning completed.
2026-05-13 11:10:00,838 - INFO - Data sorting completed.
2026-05-13 11:10:00,838 - INFO - Performing calculations...
2026-05-13 11:10:00,854 - INFO - Total Revenue           : 2,207,643.55
2026-05-13 11:10:00,854 - INFO - Total Units Sold        : 11,057
2026-05-13 11:10:00,854 - INFO - Total Transactions      : 2,000
2026-05-13 11:10:00,854 - INFO - Average Order Value     : 1103.82

2026-05-13 11:10:00,854 - INFO - Top 5 Best Selling Products :
Product
Monitor    347,995.64
Phone      326,211.21
Printer    325,584.95
Chair      319,442.15
Tablet     308,449.27
Name: TotalPrice, dtype: object

2026-05-13 11:10:00,854 - INFO - Bottom 3 Selling Products   :
Product
Unknown      1,418.52
Laptop     283,192.67
Desk       295,349.14
Name: TotalPrice, dtype: object

2026-05-13 11:10:00,854 - INFO - Sales by Location :
              Revenue  Units_Sold
Location                         
Store A   522,302.16        2630
Store B   538,392.13        2719
Store C   595,009.04        3007
Store D   551,940.22        2701

2026-05-13 11:10:00,854 - INFO - Sales by Time of Day    :
TimeOfDay
Evening      856,664.52
Afternoon    794,418.64
Morning      556,560.39
Name: TotalPrice, dtype: object

2026-05-13 11:10:00,854 - INFO - Sales by Payment Type   :
PaymentType
Debit Card     498,721.24
Credit Card    474,156.66
Online         435,782.08
Cash           416,599.23
Gift Card      382,384.34
Name: TotalPrice, dtype: object

2026-05-13 11:10:00,854 - INFO - Top Store Manager       : Noah (608,430.74)

2026-05-13 11:10:00,854 - INFO - Generating multi-chart dashboard...
2026-05-13 11:10:01,836 - INFO - Dashboard saved to output\sales_dashboard.png
2026-05-13 11:10:02,766 - INFO - File saved to output/merged_sales.xlsx
2026-05-13 11:10:02,771 - INFO - Successfully added sheet: Executive Summary
2026-05-13 11:10:02,771 - INFO - Successfully added sheet: Sales by Location
2026-05-13 11:10:02,771 - INFO - Successfully added sheet: Top Products
2026-05-13 11:10:02,771 - INFO - Successfully added sheet: Bottom Products
2026-05-13 11:10:02,771 - INFO - Successfully added sheet: Time of Day
2026-05-13 11:10:02,771 - INFO - Successfully added sheet: Payment Types
2026-05-13 11:10:02,808 - INFO - DONE: All metrics saved to output/sales_analysis_report.xlsx
2026-05-13 11:10:02,813 - INFO - Successfully attached: sales_dashboard.png
2026-05-13 11:10:02,843 - INFO - Successfully attached: sales_analysis_report.xlsx
2026-05-13 11:16:48,974 - INFO - Loaded: sales_feb.xlsx
2026-05-13 11:16:49,075 - INFO - Loaded: sales_jan.xlsx
2026-05-13 11:16:49,225 - INFO - Loaded: sales_mar.xlsx
2026-05-13 11:16:49,293 - INFO - Data cleaning completed.
2026-05-13 11:16:49,309 - INFO - Data sorting completed.
2026-05-13 11:16:49,309 - INFO - Performing calculations...
2026-05-13 11:16:49,325 - INFO - Total Revenue           : 2,207,643.55
2026-05-13 11:16:49,325 - INFO - Total Units Sold        : 11,057
2026-05-13 11:16:49,325 - INFO - Total Transactions      : 2,000
2026-05-13 11:16:49,325 - INFO - Average Order Value     : 1103.82

2026-05-13 11:16:49,326 - INFO - Top 5 Best Selling Products :
Product
Monitor    347,995.64
Phone      326,211.21
Printer    325,584.95
Chair      319,442.15
Tablet     308,449.27
Name: TotalPrice, dtype: object

2026-05-13 11:16:49,326 - INFO - Bottom 3 Selling Products   :
Product
Unknown      1,418.52
Laptop     283,192.67
Desk       295,349.14
Name: TotalPrice, dtype: object

2026-05-13 11:16:49,329 - INFO - Sales by Location :
              Revenue  Units_Sold
Location                         
Store A   522,302.16        2630
Store B   538,392.13        2719
Store C   595,009.04        3007
Store D   551,940.22        2701

2026-05-13 11:16:49,329 - INFO - Sales by Time of Day    :
TimeOfDay
Evening      856,664.52
Afternoon    794,418.64
Morning      556,560.39
Name: TotalPrice, dtype: object

2026-05-13 11:16:49,329 - INFO - Sales by Payment Type   :
PaymentType
Debit Card     498,721.24
Credit Card    474,156.66
Online         435,782.08
Cash           416,599.23
Gift Card      382,384.34
Name: TotalPrice, dtype: object

2026-05-13 11:16:49,329 - INFO - Top Store Manager       : Noah (608,430.74)

2026-05-13 11:16:49,329 - INFO - Generating multi-chart dashboard...
2026-05-13 11:16:50,219 - INFO - Dashboard saved to output\sales_dashboard.png
2026-05-13 11:16:51,189 - INFO - File saved to output/merged_sales.xlsx
2026-05-13 11:16:51,191 - INFO - Successfully added sheet: Executive Summary
2026-05-13 11:16:51,191 - INFO - Successfully added sheet: Sales by Location
2026-05-13 11:16:51,191 - INFO - Successfully added sheet: Top Products
2026-05-13 11:16:51,191 - INFO - Successfully added sheet: Bottom Products
2026-05-13 11:16:51,191 - INFO - Successfully added sheet: Time of Day
2026-05-13 11:16:51,191 - INFO - Successfully added sheet: Payment Types
2026-05-13 11:16:51,226 - INFO - DONE: All metrics saved to output/sales_analysis_report.xlsx
2026-05-13 11:16:51,242 - INFO - Successfully attached: sales_dashboard.png
2026-05-13 11:16:51,264 - INFO - Successfully attached: sales_analysis_report.xlsx
2026-05-13 11:26:53,631 - ERROR - Critical Error: No valid Excel files were successfully loaded to merge into 'merged_sales.xlsx'.
2026-05-13 12:15:37,617 - ERROR - Critical Error: No valid Excel files were successfully loaded to merge into 'merged_sales.xlsx'.
2026-05-13 12:53:22,774 - ERROR - Critical Error: No valid Excel files were successfully loaded to merge into 'merged_sales.xlsx'.
2026-05-13 13:19:13,546 - INFO - Pipeline triggered via desktop app for 3 file(s).
2026-05-13 13:19:14,425 - INFO - Loaded: sales_feb.xlsx
2026-05-13 13:19:14,525 - INFO - Loaded: sales_jan.xlsx
2026-05-13 13:19:14,694 - INFO - Loaded: sales_mar.xlsx
2026-05-13 13:19:14,782 - INFO - Data cleaning completed.
2026-05-13 13:19:14,797 - INFO - Data sorting completed.
2026-05-13 13:19:14,797 - INFO - Performing calculations...
2026-05-13 13:19:14,797 - INFO - Total Revenue           : 2,207,643.55
2026-05-13 13:19:14,797 - INFO - Total Units Sold        : 11,057
2026-05-13 13:19:14,797 - INFO - Total Transactions      : 2,000
2026-05-13 13:19:14,797 - INFO - Average Order Value     : 1103.82

2026-05-13 13:19:14,797 - INFO - Top 5 Best Selling Products :
Product
Monitor    347,995.64
Phone      326,211.21
Printer    325,584.95
Chair      319,442.15
Tablet     308,449.27
Name: TotalPrice, dtype: object

2026-05-13 13:19:14,797 - INFO - Bottom 3 Selling Products   :
Product
Unknown      1,418.52
Laptop     283,192.67
Desk       295,349.14
Name: TotalPrice, dtype: object

2026-05-13 13:19:14,797 - INFO - Sales by Location :
              Revenue  Units_Sold
Location                         
Store A   522,302.16        2630
Store B   538,392.13        2719
Store C   595,009.04        3007
Store D   551,940.22        2701

2026-05-13 13:19:14,797 - INFO - Sales by Time of Day    :
TimeOfDay
Evening      856,664.52
Afternoon    794,418.64
Morning      556,560.39
Name: TotalPrice, dtype: object

2026-05-13 13:19:14,797 - INFO - Sales by Payment Type   :
PaymentType
Debit Card     498,721.24
Credit Card    474,156.66
Online         435,782.08
Cash           416,599.23
Gift Card      382,384.34
Name: TotalPrice, dtype: object

2026-05-13 13:19:14,797 - INFO - Top Store Manager       : Noah (608,430.74)

2026-05-13 13:19:14,797 - INFO - Generating multi-chart dashboard...
2026-05-13 13:19:15,719 - INFO - Dashboard saved to output\sales_dashboard.png
2026-05-13 13:19:16,493 - INFO - File saved to output/merged_sales.xlsx
2026-05-13 13:19:16,499 - INFO - Successfully added sheet: Executive Summary
2026-05-13 13:19:16,499 - INFO - Successfully added sheet: Sales by Location
2026-05-13 13:19:16,499 - INFO - Successfully added sheet: Top Products
2026-05-13 13:19:16,499 - INFO - Successfully added sheet: Bottom Products
2026-05-13 13:19:16,499 - INFO - Successfully added sheet: Time of Day
2026-05-13 13:19:16,499 - INFO - Successfully added sheet: Payment Types
2026-05-13 13:19:16,545 - INFO - DONE: All metrics saved to output/sales_analysis_report.xlsx
2026-05-13 13:19:16,562 - INFO - Successfully attached: sales_dashboard.png
2026-05-13 13:19:16,562 - INFO - Successfully attached: sales_analysis_report.xlsx
2026-05-13 13:19:16,562 - INFO - Pipeline completed successfully without errors.
2026-05-13 13:20:02,474 - INFO - Pipeline triggered via desktop app for 3 file(s).
2026-05-13 13:20:03,347 - INFO - Loaded: sales_feb.xlsx
2026-05-13 13:20:03,446 - INFO - Loaded: sales_jan.xlsx
2026-05-13 13:20:03,596 - INFO - Loaded: sales_mar.xlsx
2026-05-13 13:20:03,669 - INFO - Data cleaning completed.
2026-05-13 13:20:03,684 - INFO - Data sorting completed.
2026-05-13 13:20:03,684 - INFO - Performing calculations...
2026-05-13 13:20:03,684 - INFO - Total Revenue           : 2,207,643.55
2026-05-13 13:20:03,684 - INFO - Total Units Sold        : 11,057
2026-05-13 13:20:03,684 - INFO - Total Transactions      : 2,000
2026-05-13 13:20:03,684 - INFO - Average Order Value     : 1103.82

2026-05-13 13:20:03,700 - INFO - Top 5 Best Selling Products :
Product
Monitor    347,995.64
Phone      326,211.21
Printer    325,584.95
Chair      319,442.15
Tablet     308,449.27
Name: TotalPrice, dtype: object

2026-05-13 13:20:03,700 - INFO - Bottom 3 Selling Products   :
Product
Unknown      1,418.52
Laptop     283,192.67
Desk       295,349.14
Name: TotalPrice, dtype: object

2026-05-13 13:20:03,703 - INFO - Sales by Location :
              Revenue  Units_Sold
Location                         
Store A   522,302.16        2630
Store B   538,392.13        2719
Store C   595,009.04        3007
Store D   551,940.22        2701

2026-05-13 13:20:03,703 - INFO - Sales by Time of Day    :
TimeOfDay
Evening      856,664.52
Afternoon    794,418.64
Morning      556,560.39
Name: TotalPrice, dtype: object

2026-05-13 13:20:03,703 - INFO - Sales by Payment Type   :
PaymentType
Debit Card     498,721.24
Credit Card    474,156.66
Online         435,782.08
Cash           416,599.23
Gift Card      382,384.34
Name: TotalPrice, dtype: object

2026-05-13 13:20:03,703 - INFO - Top Store Manager       : Noah (608,430.74)

2026-05-13 13:20:03,703 - INFO - Generating multi-chart dashboard...
2026-05-13 13:20:04,592 - INFO - Dashboard saved to output\sales_dashboard.png
2026-05-13 13:20:05,349 - INFO - File saved to output/merged_sales.xlsx
2026-05-13 13:20:05,351 - INFO - Successfully added sheet: Executive Summary
2026-05-13 13:20:05,351 - INFO - Successfully added sheet: Sales by Location
2026-05-13 13:20:05,351 - INFO - Successfully added sheet: Top Products
2026-05-13 13:20:05,351 - INFO - Successfully added sheet: Bottom Products
2026-05-13 13:20:05,351 - INFO - Successfully added sheet: Time of Day
2026-05-13 13:20:05,351 - INFO - Successfully added sheet: Payment Types
2026-05-13 13:20:05,383 - INFO - DONE: All metrics saved to output/sales_analysis_report.xlsx
2026-05-13 13:20:05,394 - INFO - Successfully attached: sales_dashboard.png
2026-05-13 13:20:05,417 - INFO - Successfully attached: sales_analysis_report.xlsx
2026-05-13 13:20:05,417 - INFO - Pipeline completed successfully without errors.
2026-05-13 13:32:42,789 - INFO - Pipeline triggered via desktop app for 3 file(s).
2026-05-13 13:32:43,684 - INFO - Loaded: sales_feb.xlsx
2026-05-13 13:32:43,792 - INFO - Loaded: sales_jan.xlsx
2026-05-13 13:32:43,952 - INFO - Loaded: sales_mar.xlsx
2026-05-13 13:32:44,019 - INFO - Data cleaning completed.
2026-05-13 13:32:44,036 - INFO - Data sorting completed.
2026-05-13 13:32:44,036 - INFO - Performing calculations...
2026-05-13 13:32:44,036 - INFO - Total Revenue           : 2,207,643.55
2026-05-13 13:32:44,036 - INFO - Total Units Sold        : 11,057
2026-05-13 13:32:44,036 - INFO - Total Transactions      : 2,000
2026-05-13 13:32:44,036 - INFO - Average Order Value     : 1103.82

2026-05-13 13:32:44,036 - INFO - Top 5 Best Selling Products :
Product
Monitor    347,995.64
Phone      326,211.21
Printer    325,584.95
Chair      319,442.15
Tablet     308,449.27
Name: TotalPrice, dtype: object

2026-05-13 13:32:44,036 - INFO - Bottom 3 Selling Products   :
Product
Unknown      1,418.52
Laptop     283,192.67
Desk       295,349.14
Name: TotalPrice, dtype: object

2026-05-13 13:32:44,052 - INFO - Sales by Location :
              Revenue  Units_Sold
Location                         
Store A   522,302.16        2630
Store B   538,392.13        2719
Store C   595,009.04        3007
Store D   551,940.22        2701

2026-05-13 13:32:44,052 - INFO - Sales by Time of Day    :
TimeOfDay
Evening      856,664.52
Afternoon    794,418.64
Morning      556,560.39
Name: TotalPrice, dtype: object

2026-05-13 13:32:44,052 - INFO - Sales by Payment Type   :
PaymentType
Debit Card     498,721.24
Credit Card    474,156.66
Online         435,782.08
Cash           416,599.23
Gift Card      382,384.34
Name: TotalPrice, dtype: object

2026-05-13 13:32:44,052 - INFO - Top Store Manager       : Noah (608,430.74)

2026-05-13 13:32:44,052 - INFO - Generating multi-chart dashboard...
2026-05-13 13:32:44,939 - INFO - Dashboard saved to output\sales_dashboard.png
2026-05-13 13:32:45,816 - INFO - File saved to output/merged_sales.xlsx
2026-05-13 13:32:45,818 - INFO - Successfully added sheet: Executive Summary
2026-05-13 13:32:45,818 - INFO - Successfully added sheet: Sales by Location
2026-05-13 13:32:45,818 - INFO - Successfully added sheet: Top Products
2026-05-13 13:32:45,818 - INFO - Successfully added sheet: Bottom Products
2026-05-13 13:32:45,818 - INFO - Successfully added sheet: Time of Day
2026-05-13 13:32:45,818 - INFO - Successfully added sheet: Payment Types
2026-05-13 13:32:45,852 - INFO - DONE: All metrics saved to output/sales_analysis_report.xlsx
2026-05-13 13:32:45,860 - INFO - Successfully attached: sales_dashboard.png
2026-05-13 13:32:45,867 - INFO - Successfully attached: sales_analysis_report.xlsx
2026-05-13 13:32:45,867 - INFO - Pipeline completed successfully without errors.
2026-05-13 13:49:11,635 - INFO - Pipeline triggered via desktop app for 3 file(s).
2026-05-13 13:49:12,436 - INFO - Loaded: sales_feb.xlsx
2026-05-13 13:49:12,532 - INFO - Loaded: sales_jan.xlsx
2026-05-13 13:49:12,686 - INFO - Loaded: sales_mar.xlsx
2026-05-13 13:49:12,762 - INFO - Data cleaning completed.
2026-05-13 13:49:12,765 - INFO - Data sorting completed.
2026-05-13 13:49:12,765 - INFO - Performing calculations...
2026-05-13 13:49:12,781 - INFO - Total Revenue           : 2,207,643.55
2026-05-13 13:49:12,781 - INFO - Total Units Sold        : 11,057
2026-05-13 13:49:12,781 - INFO - Total Transactions      : 2,000
2026-05-13 13:49:12,781 - INFO - Average Order Value     : 1103.82

2026-05-13 13:49:12,781 - INFO - Top 5 Best Selling Products :
Product
Monitor    347,995.64
Phone      326,211.21
Printer    325,584.95
Chair      319,442.15
Tablet     308,449.27
Name: TotalPrice, dtype: object

2026-05-13 13:49:12,781 - INFO - Bottom 3 Selling Products   :
Product
Unknown      1,418.52
Laptop     283,192.67
Desk       295,349.14
Name: TotalPrice, dtype: object

2026-05-13 13:49:12,781 - INFO - Sales by Location :
              Revenue  Units_Sold
Location                         
Store A   522,302.16        2630
Store B   538,392.13        2719
Store C   595,009.04        3007
Store D   551,940.22        2701

2026-05-13 13:49:12,781 - INFO - Sales by Time of Day    :
TimeOfDay
Evening      856,664.52
Afternoon    794,418.64
Morning      556,560.39
Name: TotalPrice, dtype: object

2026-05-13 13:49:12,781 - INFO - Sales by Payment Type   :
PaymentType
Debit Card     498,721.24
Credit Card    474,156.66
Online         435,782.08
Cash           416,599.23
Gift Card      382,384.34
Name: TotalPrice, dtype: object

2026-05-13 13:49:12,781 - INFO - Top Store Manager       : Noah (608,430.74)

2026-05-13 13:49:12,781 - INFO - Generating multi-chart dashboard...
2026-05-13 13:49:13,673 - INFO - Dashboard saved to output\sales_dashboard.png
2026-05-13 13:49:14,439 - INFO - File saved to output/merged_sales.xlsx
2026-05-13 13:49:14,444 - INFO - Successfully added sheet: Executive Summary
2026-05-13 13:49:14,444 - INFO - Successfully added sheet: Sales by Location
2026-05-13 13:49:14,444 - INFO - Successfully added sheet: Top Products
2026-05-13 13:49:14,444 - INFO - Successfully added sheet: Bottom Products
2026-05-13 13:49:14,444 - INFO - Successfully added sheet: Time of Day
2026-05-13 13:49:14,444 - INFO - Successfully added sheet: Payment Types
2026-05-13 13:49:14,477 - INFO - DONE: All metrics saved to output/sales_analysis_report.xlsx
2026-05-13 13:49:14,494 - INFO - Successfully attached: sales_dashboard.png
2026-05-13 13:49:14,499 - INFO - Successfully attached: sales_analysis_report.xlsx
2026-05-13 13:49:14,499 - INFO - Pipeline completed successfully without errors.
